CASE #1: 1 0
CASE #2: 1 0
CASE #3: 1 1
CASE #4: 0 0
CASE #5: 500 499
CASE #6: 0 0
CASE #7: 1 0
CASE #8: 0 0
CASE #9: 0 0
CASE #10: 3 3
CASE #11: 0 0
CASE #12: 1 0
CASE #13: 7 6
CASE #14: 1 0
CASE #15: 1 0
CASE #16: 0 0
CASE #17: 0 0
CASE #18: 1 1
CASE #19: 0 0
CASE #20: 1 0
CASE #21: 1 0
CASE #22: 0 0
CASE #23: 3 2
CASE #24: 1 1
CASE #25: 0 0
CASE #26: 0 0
CASE #27: 1 0
CASE #28: 0 0
CASE #29: 0 0
CASE #30: 1 0
CASE #31: 249 249
CASE #32: 0 0
CASE #33: 1 1
CASE #34: 1 0
CASE #35: 0 0
CASE #36: 0 0
CASE #37: 0 0
CASE #38: 1 0
CASE #39: 1 1
CASE #40: 0 0
CASE #41: 0 0
CASE #42: 0 0
CASE #43: 1 0
CASE #44: 7 6
CASE #45: 1 1
CASE #46: 250 249
CASE #47: 0 0
CASE #48: 1 1
CASE #49: 0 0
CASE #50: 0 0
CASE #51: 0 0
CASE #52: 0 0
CASE #53: 3 2
CASE #54: 499 499
CASE #55: 3 2
CASE #56: 0 0
CASE #57: 0 0
CASE #58: 0 0
CASE #59: 1 0
CASE #60: 250 249
CASE #61: 1 0
CASE #62: 0 0
CASE #63: 0 0
CASE #64: 0 0
CASE #65: 0 0
CASE #66: 0 0
CASE #67: 125 124
CASE #68: 1 1
CASE #69: 0 0
CASE #70: 0 0
CASE #71: 0 0
CASE #72: 0 0
CASE #73: 0 0
CASE #74: 3 3
CASE #75: 1 0
CASE #76: 1 1
CASE #77: 0 0
CASE #78: 3 3
CASE #79: 0 0
CASE #80: 2 1
CASE #81: 0 0
CASE #82: 0 0
CASE #83: 0 0
CASE #84: 1 0
CASE #85: 2 2
CASE #86: 1 0
CASE #87: 3 3
CASE #88: 0 0
CASE #89: 1 1
CASE #90: 0 0
CASE #91: 1 0
CASE #92: 1 1
CASE #93: 0 0
CASE #94: 0 0
CASE #95: 0 0
CASE #96: 3 2
CASE #97: 0 0
CASE #98: 0 0
CASE #99: 0 0
CASE #100: 0 0
