CASE #1: 1 0
CASE #2: 1 0
CASE #3: 1 1
CASE #4: 0 0
CASE #5: 500 499
CASE #6: 1 0
CASE #7: 1 0
CASE #8: 1 1
CASE #9: 0 0
CASE #10: 1 1
CASE #11: 500000000000000000 499999999999999999
CASE #12: 1 0
CASE #13: 1 0
CASE #14: 0 0
CASE #15: 250000000000000000 249999999999999999
CASE #16: 1 0
CASE #17: 2 2
CASE #18: 250000000000000000 249999999999999999
CASE #19: 1 1
CASE #20: 1 1
CASE #21: 0 0
CASE #22: 0 0
CASE #23: 0 0
CASE #24: 1 1
CASE #25: 125000000000000000 124999999999999999
CASE #26: 0 0
CASE #27: 0 0
CASE #28: 0 0
CASE #29: 1 1
CASE #30: 1 1
CASE #31: 0 0
CASE #32: 1 0
CASE #33: 7812499999999999 7812499999999999
CASE #34: 249999999999999999 249999999999999999
CASE #35: 0 0
CASE #36: 1 0
CASE #37: 1 0
CASE #38: 0 0
CASE #39: 0 0
CASE #40: 0 0
CASE #41: 0 0
CASE #42: 2 2
CASE #43: 2 1
CASE #44: 0 0
CASE #45: 1 0
CASE #46: 0 0
CASE #47: 0 0
CASE #48: 0 0
CASE #49: 1 0
CASE #50: 0 0
CASE #51: 1 1
CASE #52: 2 2
CASE #53: 1 0
CASE #54: 7812499999999999 7812499999999999
CASE #55: 0 0
CASE #56: 3906249999999999 3906249999999999
CASE #57: 1 0
CASE #58: 1 1
CASE #59: 1 1
CASE #60: 0 0
CASE #61: 2 2
CASE #62: 0 0
CASE #63: 3906250000000000 3906249999999999
CASE #64: 1 0
CASE #65: 0 0
CASE #66: 1 0
CASE #67: 499999999999999999 499999999999999999
CASE #68: 0 0
CASE #69: 0 0
CASE #70: 0 0
CASE #71: 0 0
CASE #72: 1 0
CASE #73: 1 0
CASE #74: 0 0
CASE #75: 2 2
CASE #76: 0 0
CASE #77: 0 0
CASE #78: 0 0
CASE #79: 0 0
CASE #80: 0 0
CASE #81: 1 0
CASE #82: 1953125000000000 1953124999999999
CASE #83: 0 0
CASE #84: 0 0
CASE #85: 2 2
CASE #86: 0 0
CASE #87: 0 0
CASE #88: 1 0
CASE #89: 1 0
CASE #90: 3906249999999999 3906249999999999
CASE #91: 2 2
CASE #92: 0 0
CASE #93: 0 0
CASE #94: 0 0
CASE #95: 0 0
CASE #96: 0 0
CASE #97: 0 0
CASE #98: 0 0
CASE #99: 0 0
CASE #100: 0 0
