CASE #1: 1 0
CASE #2: 1 0
CASE #3: 1 1
CASE #4: 0 0
CASE #5: 500 499
CASE #6: 0 0
CASE #7: 1 0
CASE #8: 0 0
CASE #9: 1 0
CASE #10: 1 1
CASE #11: 0 0
CASE #12: 250000 249999
CASE #13: 0 0
CASE #14: 0 0
CASE #15: 1 0
CASE #16: 1 0
CASE #17: 0 0
CASE #18: 0 0
CASE #19: 0 0
CASE #20: 3906 3905
CASE #21: 1 0
CASE #22: 0 0
CASE #23: 499999 499999
CASE #24: 0 0
CASE #25: 1 1
CASE #26: 7812 7811
CASE #27: 0 0
CASE #28: 1 1
CASE #29: 1 1
CASE #30: 3906 3905
CASE #31: 250000 249999
CASE #32: 0 0
CASE #33: 0 0
CASE #34: 0 0
CASE #35: 1 0
CASE #36: 0 0
CASE #37: 0 0
CASE #38: 0 0
CASE #39: 1 0
CASE #40: 500000 499999
CASE #41: 0 0
CASE #42: 0 0
CASE #43: 1 1
CASE #44: 0 0
CASE #45: 0 0
CASE #46: 1 0
CASE #47: 0 0
CASE #48: 1 0
CASE #49: 249999 249999
CASE #50: 7812 7811
CASE #51: 1 1
CASE #52: 0 0
CASE #53: 0 0
CASE #54: 0 0
CASE #55: 3 2
CASE #56: 1 1
CASE #57: 1 0
CASE #58: 1 0
CASE #59: 1 0
CASE #60: 125000 124999
CASE #61: 0 0
CASE #62: 0 0
CASE #63: 0 0
CASE #64: 0 0
CASE #65: 0 0
CASE #66: 2 1
CASE #67: 3905 3905
CASE #68: 1 0
CASE #69: 1 0
CASE #70: 3 2
CASE #71: 0 0
CASE #72: 0 0
CASE #73: 0 0
CASE #74: 1953 1952
CASE #75: 1 1
CASE #76: 1 1
CASE #77: 1 0
CASE #78: 2 2
CASE #79: 1 0
CASE #80: 0 0
CASE #81: 1 0
CASE #82: 1 1
CASE #83: 0 0
CASE #84: 0 0
CASE #85: 0 0
CASE #86: 0 0
CASE #87: 0 0
CASE #88: 3 2
CASE #89: 0 0
CASE #90: 1 0
CASE #91: 0 0
CASE #92: 0 0
CASE #93: 1 0
CASE #94: 0 0
CASE #95: 0 0
CASE #96: 0 0
CASE #97: 0 0
CASE #98: 0 0
CASE #99: 0 0
CASE #100: 0 0
